\BOOKMARK [1][-]{section*.1}{\376\377\000S\000I\000G\000L\000E\000S\000\040\000E\000T\000\040\000A\000B\000R\000\311\000V\000I\000A\000T\000I\000O\000N\000S}{}% 1
\BOOKMARK [1][-]{section*.2}{\376\377\000L\000I\000S\000T\000E\000\040\000D\000E\000S\000\040\000T\000A\000B\000L\000E\000A\000U\000X}{}% 2
\BOOKMARK [1][-]{section*.3}{\376\377\000L\000I\000S\000T\000E\000\040\000D\000E\000S\000\040\000F\000I\000G\000U\000R\000E\000S}{}% 3
\BOOKMARK [1][-]{section*.3}{\376\377\000I\000N\000T\000R\000O\000D\000U\000C\000T\000I\000O\000N}{}% 4
\BOOKMARK [1][-]{section.1}{\376\377\000D\000\351\000f\000i\000n\000i\000t\000i\000o\000n\000s}{}% 5
\BOOKMARK [2][-]{subsection.1.1}{\376\377\000G\000\351\000n\000\351\000r\000a\000l\000i\000t\000\351\000\040\000d\000u\000\040\000V\000i\000r\000u\000s\000\040\000d\000e\000\040\000l\000'\000H\000\351\000p\000a\000t\000i\000e\000\040\000C\000\040\000\050\000V\000H\000C\000\051}{section.1}% 6
\BOOKMARK [2][-]{subsection.1.2}{\376\377\000M\000\351\000n\000a\000g\000e}{section.1}% 7
\BOOKMARK [1][-]{section.2}{\376\377\000C\000o\000n\000t\000e\000x\000t\000e\000\040\000d\000e\000\040\000l\000'\000\351\000t\000u\000d\000e}{}% 8
\BOOKMARK [2][-]{subsection.2.1}{\376\377\000C\000a\000d\000r\000e\000\040\000d\000e\000\040\000l\000'\000\351\000t\000u\000d\000e}{section.2}% 9
\BOOKMARK [2][-]{subsection.2.2}{\376\377\000T\000y\000p\000e\000\040\000e\000t\000\040\000p\000\351\000r\000i\000o\000d\000e\000\040\000d\000e\000\040\000l\040\031\000\351\000t\000u\000d\000e}{section.2}% 10
\BOOKMARK [2][-]{subsection.2.3}{\376\377\000P\000o\000p\000u\000l\000a\000t\000i\000o\000n\000\040\000d\000e\000\040\000l\000'\000\351\000t\000u\000d\000e\000\040\000\046\000\040\000d\000i\000a\000g\000n\000o\000s\000t\000i\000c\000\040\000d\000u\000\040\000V\000H\000C}{section.2}% 11
\BOOKMARK [2][-]{subsection.2.4}{\376\377\000Q\000u\000e\000s\000t\000i\000o\000n\000\040\000d\000e\000\040\000r\000e\000c\000h\000e\000r\000c\000h\000e\000\040\000d\000e\000\040\000m\000o\000n\000\040\000s\000t\000a\000g\000e}{section.2}% 12
\BOOKMARK [2][-]{subsection.2.5}{\376\377\000S\000\351\000q\000u\000e\000n\000\347\000a\000g\000e\000:\000\040\000m\000\351\000t\000h\000o\000d\000e\000\040\000S\000a\000n\000g\000e\000r}{section.2}% 13
\BOOKMARK [2][-]{subsection.2.6}{\376\377\000\311\000t\000u\000d\000e\000s\000\040\000s\000i\000m\000i\000l\000a\000i\000r\000e\000s\000:\000\040\000r\000\351\000v\000u\000e\000\040\000d\000e\000\040\000l\000a\000\040\000l\000i\000t\000t\000\351\000r\000a\000t\000u\000r\000e}{section.2}% 14
\BOOKMARK [1][-]{section.3}{\376\377\000A\000n\000a\000l\000y\000s\000e\000s\000\040\000d\000e\000s\000\040\000d\000o\000n\000n\000\351\000e\000s}{}% 15
\BOOKMARK [2][-]{subsection.3.1}{\376\377\000P\000i\000p\000e\000l\000i\000n\000e\000\040\000b\000i\000o\000i\000n\000f\000o\000r\000m\000a\000t\000i\000q\000u\000e\000\040\000d\000e\000\040\000p\000r\000\351\000t\000r\000a\000i\000t\000e\000m\000e\000n\000t\000\040}{section.3}% 16
\BOOKMARK [2][-]{subsection.3.2}{\376\377\000H\000\351\000t\000\351\000r\000o\000g\000\351\000n\000\351\000i\000t\000\351\000\040\000g\000\351\000n\000\351\000t\000i\000q\000u\000e\000\040\000i\000n\000t\000r\000a\000-\000h\000\364\000t\000e\000\040\000d\000u\000\040\000V\000H\000C\000\040}{section.3}% 17
\BOOKMARK [2][-]{subsection.3.3}{\376\377\000A\000n\000a\000l\000y\000s\000e\000s\000\040\000p\000h\000y\000l\000o\000g\000\351\000n\000\351\000t\000i\000q\000u\000e\000s}{section.3}% 18
\BOOKMARK [2][-]{subsection.3.4}{\376\377\000A\000n\000a\000l\000y\000s\000e\000s\000\040\000s\000t\000a\000t\000i\000s\000t\000i\000q\000u\000e\000s}{section.3}% 19
\BOOKMARK [1][-]{section.4}{\376\377\000R\000\351\000s\000u\000l\000t\000a\000t\000s\000\040\000\046\000\040\000d\000i\000s\000c\000u\000s\000s\000i\000o\000n\000s\000\040}{}% 20
\BOOKMARK [2][-]{subsection.4.1}{\376\377\000D\000i\000a\000g\000r\000a\000m\000m\000e\000\040\000d\000e\000\040\000f\000l\000u\000x\000\040\000d\000e\000s\000\040\000p\000a\000r\000t\000i\000c\000i\000p\000a\000n\000t\000s}{section.4}% 21
\BOOKMARK [2][-]{subsection.4.2}{\376\377\000S\000t\000a\000t\000i\000s\000t\000i\000q\000u\000e\000\040\000d\000e\000s\000c\000r\000i\000t\000i\000v\000e\000s\000\040\000d\000e\000s\000\040\000p\000a\000r\000t\000i\000c\000i\000p\000a\000n\000t\000s}{section.4}% 22
\BOOKMARK [2][-]{subsection.4.3}{\376\377\000D\000i\000v\000e\000r\000s\000i\000t\000\351\000\040\000v\000i\000r\000a\000l\000e\000\040\000i\000n\000t\000r\000a\000-\000h\000\364\000t\000e\000\040\000d\000u\000\040\000V\000H\000C}{section.4}% 23
\BOOKMARK [2][-]{subsection.4.4}{\376\377\000D\000i\000s\000t\000a\000n\000c\000e\000\040\000g\000\351\000n\000\351\000t\000i\000q\000u\000e\000\040\000d\000u\000\040\000V\000H\000C}{section.4}% 24
\BOOKMARK [2][-]{subsection.4.5}{\376\377\000C\000a\000t\000\351\000g\000o\000r\000i\000s\000a\000t\000i\000o\000n\000\040\000d\000e\000\040\000l\000a\000\040\000t\000r\000a\000n\000s\000m\000i\000s\000s\000i\000o\000n\000\040\000d\000u\000\040\000V\000H\000C\000\040\000d\000a\000n\000s\000\040\000l\000e\000s\000\040\000f\000o\000y\000e\000r\000s\000\040\000m\000u\000l\000t\000i\000p\000l\000e\000s}{section.4}% 25
\BOOKMARK [2][-]{subsection.4.6}{\376\377\000\311\000v\000\350\000n\000e\000m\000e\000n\000t\000\040\000d\000e\000\040\000t\000r\000a\000n\000s\000m\000i\000s\000s\000i\000o\000n\000\040\000d\000u\000\040\000V\000H\000C\000\040\000a\000u\000\040\000s\000e\000i\000n\000\040\000d\000e\000s\000\040\000f\000o\000y\000e\000r\000s\000\040}{section.4}% 26
\BOOKMARK [2][-]{subsection.4.7}{\376\377\000A\000n\000a\000l\000y\000s\000e\000\040\000p\000h\000y\000l\000o\000g\000\351\000n\000\351\000t\000i\000q\000u\000e\000\040\000d\000u\000\040\000V\000H\000C\000\040\000:\000\040\000f\000o\000y\000e\000r\000\040\000m\000u\000l\000t\000i\000p\000l\000e}{section.4}% 27
\BOOKMARK [2][-]{subsection.4.8}{\376\377\000A\000n\000a\000l\000y\000s\000e\000\040\000p\000h\000y\000l\000o\000g\000\351\000n\000\351\000t\000i\000q\000u\000e\000\040\000:\000\040\000f\000o\000y\000e\000r\000\040\000m\000u\000l\000t\000i\000p\000l\000e\000\040\000e\000t\000\040\000g\000r\000o\000u\000p\000e\000\040\000c\000o\000n\000t\000r\000\364\000l\000e}{section.4}% 28
\BOOKMARK [1][-]{figure.caption.22}{\376\377\000C\000O\000N\000C\000L\000U\000S\000I\000O\000N}{}% 29
